{"/home/dprejs/Desktop/hackreactor work/FEC/config.js": {"path":"/home/dprejs/Desktop/hackreactor work/FEC/config.js","statementMap":{"0":{"start":{"line":1,"column":0},"end":{"line":4,"column":2}}},"fnMap":{},"branchMap":{},"s":{"0":2},"f":{},"b":{},"_coverageSchema":"1a1c01bbd47fc00a2c39e90264f33305004495a9","hash":"042aa25d7c041b6aced4e5fd979ffa0c98dde4e9"}
,"/home/dprejs/Desktop/hackreactor work/FEC/empty-module.js": {"path":"/home/dprejs/Desktop/hackreactor work/FEC/empty-module.js","statementMap":{"0":{"start":{"line":1,"column":0},"end":{"line":1,"column":19}}},"fnMap":{},"branchMap":{},"s":{"0":3},"f":{},"b":{},"_coverageSchema":"1a1c01bbd47fc00a2c39e90264f33305004495a9","hash":"c0c11e3e001d40f1e56d1ba7b27c07ffce800e7b"}
,"/home/dprejs/Desktop/hackreactor work/FEC/src/Q&A/QAAnswer.jsx": {"path":"/home/dprejs/Desktop/hackreactor work/FEC/src/Q&A/QAAnswer.jsx","statementMap":{"0":{"start":{"line":7,"column":4},"end":{"line":7,"column":17}},"1":{"start":{"line":13,"column":4},"end":{"line":30,"column":5}},"2":{"start":{"line":18,"column":14},"end":{"line":26,"column":20}}},"fnMap":{"0":{"name":"(anonymous_0)","decl":{"start":{"line":6,"column":2},"end":{"line":6,"column":3}},"loc":{"start":{"line":6,"column":21},"end":{"line":8,"column":5}},"line":6},"1":{"name":"(anonymous_1)","decl":{"start":{"line":11,"column":2},"end":{"line":11,"column":3}},"loc":{"start":{"line":11,"column":11},"end":{"line":31,"column":3}},"line":11},"2":{"name":"(anonymous_2)","decl":{"start":{"line":17,"column":60},"end":{"line":17,"column":61}},"loc":{"start":{"line":18,"column":14},"end":{"line":26,"column":20}},"line":18}},"branchMap":{},"s":{"0":0,"1":0,"2":0},"f":{"0":0,"1":0,"2":0},"b":{},"_coverageSchema":"1a1c01bbd47fc00a2c39e90264f33305004495a9","hash":"0c034cc08d3524044cd2f730c81c86435d09cbe7"}
,"/home/dprejs/Desktop/hackreactor work/FEC/src/Q&A/QAList.jsx": {"path":"/home/dprejs/Desktop/hackreactor work/FEC/src/Q&A/QAList.jsx","statementMap":{"0":{"start":{"line":8,"column":4},"end":{"line":8,"column":17}},"1":{"start":{"line":9,"column":4},"end":{"line":11,"column":5}},"2":{"start":{"line":12,"column":4},"end":{"line":12,"column":53}},"3":{"start":{"line":16,"column":4},"end":{"line":16,"column":24}},"4":{"start":{"line":21,"column":23},"end":{"line":21,"column":44}},"5":{"start":{"line":22,"column":4},"end":{"line":31,"column":9}},"6":{"start":{"line":25,"column":8},"end":{"line":27,"column":11}},"7":{"start":{"line":30,"column":8},"end":{"line":30,"column":20}},"8":{"start":{"line":37,"column":4},"end":{"line":53,"column":5}},"9":{"start":{"line":41,"column":8},"end":{"line":45,"column":14}}},"fnMap":{"0":{"name":"(anonymous_0)","decl":{"start":{"line":7,"column":2},"end":{"line":7,"column":3}},"loc":{"start":{"line":7,"column":21},"end":{"line":13,"column":3}},"line":7},"1":{"name":"(anonymous_1)","decl":{"start":{"line":15,"column":2},"end":{"line":15,"column":3}},"loc":{"start":{"line":15,"column":22},"end":{"line":18,"column":3}},"line":15},"2":{"name":"(anonymous_2)","decl":{"start":{"line":20,"column":2},"end":{"line":20,"column":3}},"loc":{"start":{"line":20,"column":17},"end":{"line":32,"column":3}},"line":20},"3":{"name":"(anonymous_3)","decl":{"start":{"line":23,"column":12},"end":{"line":23,"column":13}},"loc":{"start":{"line":23,"column":21},"end":{"line":28,"column":7}},"line":23},"4":{"name":"(anonymous_4)","decl":{"start":{"line":29,"column":13},"end":{"line":29,"column":14}},"loc":{"start":{"line":29,"column":24},"end":{"line":31,"column":7}},"line":29},"5":{"name":"(anonymous_5)","decl":{"start":{"line":35,"column":2},"end":{"line":35,"column":3}},"loc":{"start":{"line":35,"column":11},"end":{"line":54,"column":3}},"line":35},"6":{"name":"(anonymous_6)","decl":{"start":{"line":40,"column":34},"end":{"line":40,"column":35}},"loc":{"start":{"line":41,"column":8},"end":{"line":45,"column":14}},"line":41}},"branchMap":{},"s":{"0":0,"1":0,"2":0,"3":0,"4":0,"5":0,"6":0,"7":0,"8":0,"9":0},"f":{"0":0,"1":0,"2":0,"3":0,"4":0,"5":0,"6":0},"b":{},"_coverageSchema":"1a1c01bbd47fc00a2c39e90264f33305004495a9","hash":"f9fe507ebd81009b9d560bf7115b29f7b3202c64"}
,"/home/dprejs/Desktop/hackreactor work/FEC/src/reviews/reviewTile/ReviewTile.jsx": {"path":"/home/dprejs/Desktop/hackreactor work/FEC/src/reviews/reviewTile/ReviewTile.jsx","statementMap":{"0":{"start":{"line":8,"column":4},"end":{"line":8,"column":17}},"1":{"start":{"line":9,"column":4},"end":{"line":10,"column":72}},"2":{"start":{"line":11,"column":15},"end":{"line":11,"column":42}},"3":{"start":{"line":12,"column":31},"end":{"line":12,"column":84}},"4":{"start":{"line":13,"column":4},"end":{"line":13,"column":40}},"5":{"start":{"line":14,"column":4},"end":{"line":14,"column":19}},"6":{"start":{"line":15,"column":4},"end":{"line":15,"column":21}},"7":{"start":{"line":16,"column":4},"end":{"line":22,"column":5}},"8":{"start":{"line":17,"column":6},"end":{"line":17,"column":55}},"9":{"start":{"line":18,"column":6},"end":{"line":18,"column":56}},"10":{"start":{"line":20,"column":6},"end":{"line":20,"column":42}},"11":{"start":{"line":21,"column":6},"end":{"line":21,"column":30}},"12":{"start":{"line":25,"column":4},"end":{"line":53,"column":5}}},"fnMap":{"0":{"name":"(anonymous_0)","decl":{"start":{"line":7,"column":2},"end":{"line":7,"column":3}},"loc":{"start":{"line":7,"column":21},"end":{"line":23,"column":3}},"line":7},"1":{"name":"(anonymous_1)","decl":{"start":{"line":24,"column":2},"end":{"line":24,"column":3}},"loc":{"start":{"line":24,"column":11},"end":{"line":54,"column":3}},"line":24}},"branchMap":{"0":{"loc":{"start":{"line":16,"column":4},"end":{"line":22,"column":5}},"type":"if","locations":[{"start":{"line":16,"column":4},"end":{"line":22,"column":5}},{"start":{"line":16,"column":4},"end":{"line":22,"column":5}}],"line":16},"1":{"loc":{"start":{"line":35,"column":11},"end":{"line":35,"column":75}},"type":"cond-expr","locations":[{"start":{"line":35,"column":30},"end":{"line":35,"column":60}},{"start":{"line":35,"column":63},"end":{"line":35,"column":75}}],"line":35},"2":{"loc":{"start":{"line":38,"column":11},"end":{"line":38,"column":53}},"type":"cond-expr","locations":[{"start":{"line":38,"column":30},"end":{"line":38,"column":46}},{"start":{"line":38,"column":49},"end":{"line":38,"column":53}}],"line":38},"3":{"loc":{"start":{"line":43,"column":11},"end":{"line":44,"column":90}},"type":"cond-expr","locations":[{"start":{"line":43,"column":41},"end":{"line":44,"column":83}},{"start":{"line":44,"column":86},"end":{"line":44,"column":90}}],"line":43},"4":{"loc":{"start":{"line":45,"column":9},"end":{"line":48,"column":21}},"type":"cond-expr","locations":[{"start":{"line":45,"column":38},"end":{"line":48,"column":14}},{"start":{"line":48,"column":17},"end":{"line":48,"column":21}}],"line":45}},"s":{"0":0,"1":0,"2":0,"3":0,"4":0,"5":0,"6":0,"7":0,"8":0,"9":0,"10":0,"11":0,"12":0},"f":{"0":0,"1":0},"b":{"0":[0,0],"1":[0,0],"2":[0,0],"3":[0,0],"4":[0,0]},"_coverageSchema":"1a1c01bbd47fc00a2c39e90264f33305004495a9","hash":"69cbfbb0ff0008b09d144d4b5b20d665e4c2a227"}
,"/home/dprejs/Desktop/hackreactor work/FEC/src/riac/productcard.jsx": {"path":"/home/dprejs/Desktop/hackreactor work/FEC/src/riac/productcard.jsx","statementMap":{"0":{"start":{"line":8,"column":4},"end":{"line":8,"column":17}},"1":{"start":{"line":10,"column":4},"end":{"line":14,"column":6}},"2":{"start":{"line":19,"column":4},"end":{"line":19,"column":41}},"3":{"start":{"line":20,"column":4},"end":{"line":20,"column":39}},"4":{"start":{"line":21,"column":4},"end":{"line":38,"column":6}},"5":{"start":{"line":24,"column":55},"end":{"line":24,"column":93}}},"fnMap":{"0":{"name":"(anonymous_0)","decl":{"start":{"line":7,"column":2},"end":{"line":7,"column":3}},"loc":{"start":{"line":7,"column":21},"end":{"line":16,"column":3}},"line":7},"1":{"name":"(anonymous_1)","decl":{"start":{"line":18,"column":2},"end":{"line":18,"column":3}},"loc":{"start":{"line":18,"column":11},"end":{"line":39,"column":3}},"line":18},"2":{"name":"(anonymous_2)","decl":{"start":{"line":24,"column":49},"end":{"line":24,"column":50}},"loc":{"start":{"line":24,"column":55},"end":{"line":24,"column":93}},"line":24}},"branchMap":{},"s":{"0":0,"1":0,"2":0,"3":0,"4":0,"5":0},"f":{"0":0,"1":0,"2":0},"b":{},"_coverageSchema":"1a1c01bbd47fc00a2c39e90264f33305004495a9","hash":"1bcd548319fc1a905d16d9a5fca7cf5e1c229eab"}
,"/home/dprejs/Desktop/hackreactor work/FEC/src/sharedComponents/StarRating.jsx": {"path":"/home/dprejs/Desktop/hackreactor work/FEC/src/sharedComponents/StarRating.jsx","statementMap":{"0":{"start":{"line":22,"column":19},"end":{"line":64,"column":1}},"1":{"start":{"line":23,"column":2},"end":{"line":36,"column":3}},"2":{"start":{"line":24,"column":17},"end":{"line":24,"column":29}},"3":{"start":{"line":25,"column":9},"end":{"line":36,"column":3}},"4":{"start":{"line":26,"column":20},"end":{"line":26,"column":21}},"5":{"start":{"line":27,"column":19},"end":{"line":27,"column":20}},"6":{"start":{"line":28,"column":4},"end":{"line":32,"column":5}},"7":{"start":{"line":29,"column":24},"end":{"line":29,"column":37}},"8":{"start":{"line":30,"column":6},"end":{"line":30,"column":61}},"9":{"start":{"line":31,"column":6},"end":{"line":31,"column":44}},"10":{"start":{"line":33,"column":17},"end":{"line":33,"column":37}},"11":{"start":{"line":35,"column":17},"end":{"line":35,"column":18}},"12":{"start":{"line":37,"column":14},"end":{"line":37,"column":16}},"13":{"start":{"line":38,"column":17},"end":{"line":38,"column":40}},"14":{"start":{"line":40,"column":2},"end":{"line":42,"column":3}},"15":{"start":{"line":40,"column":14},"end":{"line":40,"column":15}},"16":{"start":{"line":41,"column":4},"end":{"line":41,"column":43}},"17":{"start":{"line":44,"column":2},"end":{"line":50,"column":3}},"18":{"start":{"line":45,"column":4},"end":{"line":45,"column":60}},"19":{"start":{"line":46,"column":9},"end":{"line":50,"column":3}},"20":{"start":{"line":47,"column":4},"end":{"line":47,"column":44}},"21":{"start":{"line":48,"column":9},"end":{"line":50,"column":3}},"22":{"start":{"line":49,"column":4},"end":{"line":49,"column":50}},"23":{"start":{"line":52,"column":2},"end":{"line":54,"column":3}},"24":{"start":{"line":53,"column":4},"end":{"line":53,"column":46}},"25":{"start":{"line":55,"column":2},"end":{"line":63,"column":3}}},"fnMap":{"0":{"name":"(anonymous_0)","decl":{"start":{"line":22,"column":19},"end":{"line":22,"column":20}},"loc":{"start":{"line":22,"column":30},"end":{"line":64,"column":1}},"line":22}},"branchMap":{"0":{"loc":{"start":{"line":23,"column":2},"end":{"line":36,"column":3}},"type":"if","locations":[{"start":{"line":23,"column":2},"end":{"line":36,"column":3}},{"start":{"line":23,"column":2},"end":{"line":36,"column":3}}],"line":23},"1":{"loc":{"start":{"line":25,"column":9},"end":{"line":36,"column":3}},"type":"if","locations":[{"start":{"line":25,"column":9},"end":{"line":36,"column":3}},{"start":{"line":25,"column":9},"end":{"line":36,"column":3}}],"line":25},"2":{"loc":{"start":{"line":44,"column":2},"end":{"line":50,"column":3}},"type":"if","locations":[{"start":{"line":44,"column":2},"end":{"line":50,"column":3}},{"start":{"line":44,"column":2},"end":{"line":50,"column":3}}],"line":44},"3":{"loc":{"start":{"line":46,"column":9},"end":{"line":50,"column":3}},"type":"if","locations":[{"start":{"line":46,"column":9},"end":{"line":50,"column":3}},{"start":{"line":46,"column":9},"end":{"line":50,"column":3}}],"line":46},"4":{"loc":{"start":{"line":48,"column":9},"end":{"line":50,"column":3}},"type":"if","locations":[{"start":{"line":48,"column":9},"end":{"line":50,"column":3}},{"start":{"line":48,"column":9},"end":{"line":50,"column":3}}],"line":48}},"s":{"0":2,"1":10,"2":8,"3":2,"4":1,"5":1,"6":1,"7":3,"8":3,"9":3,"10":1,"11":1,"12":10,"13":10,"14":10,"15":10,"16":19,"17":10,"18":1,"19":9,"20":2,"21":7,"22":1,"23":10,"24":27,"25":10},"f":{"0":10},"b":{"0":[8,2],"1":[1,1],"2":[1,9],"3":[2,7],"4":[1,6]},"_coverageSchema":"1a1c01bbd47fc00a2c39e90264f33305004495a9","hash":"3d2e286a1d87c50278bf9fde794c838d03036da7"}
,"/home/dprejs/Desktop/hackreactor work/FEC/src/sharedComponents/Stars/starsIndex.js": {"path":"/home/dprejs/Desktop/hackreactor work/FEC/src/sharedComponents/Stars/starsIndex.js","statementMap":{},"fnMap":{},"branchMap":{},"s":{},"f":{},"b":{},"_coverageSchema":"1a1c01bbd47fc00a2c39e90264f33305004495a9","hash":"788f095ce50d349dc5baaf8b0891207c9c2184d7"}
}
